<?xml version="1.0" encoding="UTF-8"?>
<!-- Generated by org.testng.reporters.JUnitXMLReporter -->
<testsuite hostname="mycomputer" ignored="0" name="Default test" tests="7" failures="0" timestamp="20 Dec 2019 06:26:51 GMT" time="0.145" errors="0">
  <testcase name="apiLoginCarLoan" time="0.013" classname="TestNGPractice.TestNGDay3"/>
  <testcase name="mobileLoginCarLoan" time="0.004" classname="TestNGPractice.TestNGDay3"/>
  <testcase name="mobileSignInCarLoan" time="0.003" classname="TestNGPractice.TestNGDay3"/>
  <testcase name="mobileSignInCarLoan" time="0.004" classname="TestNGPractice.TestNGDay3"/>
  <testcase name="mobileSignInCarLoan" time="0.004" classname="TestNGPractice.TestNGDay3"/>
  <testcase name="mobileSignOutCarLoan" time="0.008" classname="TestNGPractice.TestNGDay3"/>
  <testcase name="webLoginCarLoan" time="0.005" classname="TestNGPractice.TestNGDay3"/>
</testsuite> <!-- Default test -->
