<?xml version="1.0" encoding="UTF-8"?>
<!-- Generated by org.testng.reporters.JUnitXMLReporter -->
<testsuite hostname="mycomputer" ignored="0" name="Test" tests="11" failures="0" timestamp="20 Dec 2019 02:54:04 GMT" time="0.197" errors="0">
  <testcase name="firstTest" time="0.024" classname="TestNGPractice.TestNGDay1"/>
  <testcase name="seecondTest" time="0.003" classname="TestNGPractice.TestNGDay1"/>
  <testcase name="pLoan" time="0.004" classname="TestNGPractice.TestNGDay2"/>
  <testcase name="apiLoginCarLoan" time="0.004" classname="TestNGPractice.TestNGDay3"/>
  <testcase name="mobileLoginCarLoan" time="0.004" classname="TestNGPractice.TestNGDay3"/>
  <testcase name="mobileSignInCarLoan" time="0.012" classname="TestNGPractice.TestNGDay3"/>
  <testcase name="mobileSignOutCarLoan" time="0.003" classname="TestNGPractice.TestNGDay3"/>
  <testcase name="webLoginCarLoan" time="0.003" classname="TestNGPractice.TestNGDay3"/>
  <testcase name="apiLoginHomeLoan" time="0.004" classname="TestNGPractice.TestNGDay4"/>
  <testcase name="mobileLoginHomeLoan" time="0.012" classname="TestNGPractice.TestNGDay4"/>
  <testcase name="webLoginHomeLoan" time="0.006" classname="TestNGPractice.TestNGDay4"/>
</testsuite> <!-- Test -->
