<?xml version="1.0" encoding="UTF-8"?>
<!-- Generated by org.testng.reporters.JUnitXMLReporter -->
<testsuite hostname="mycomputer" ignored="3" name="CarLoan" tests="2" failures="0" timestamp="20 Dec 2019 06:52:38 GMT" time="0.021" errors="0">
  <testcase name="apiLoginCarLoan" time="0.009" classname="TestNGPractice.TestNGDay3"/>
  <testcase name="webLoginCarLoan" time="0.003" classname="TestNGPractice.TestNGDay3"/>
  <testcase name="mobileSignInCarLoan" time="0.0" classname="TestNGPractice.TestNGDay3">
    <ignored/>
  </testcase> <!-- mobileSignInCarLoan -->
  <testcase name="mobileSignOutCarLoan" time="0.0" classname="TestNGPractice.TestNGDay3">
    <ignored/>
  </testcase> <!-- mobileSignOutCarLoan -->
  <testcase name="mobileLoginCarLoan" time="0.0" classname="TestNGPractice.TestNGDay3">
    <ignored/>
  </testcase> <!-- mobileLoginCarLoan -->
</testsuite> <!-- CarLoan -->
