<?xml version="1.0" encoding="UTF-8"?>
<!-- Generated by org.testng.reporters.JUnitXMLReporter -->
<testsuite hostname="mycomputer" ignored="1" name="PersonalLoan" tests="7" failures="1" timestamp="20 Dec 2019 06:52:38 GMT" time="0.13" errors="0">
  <testcase name="firstTest" time="0.019" classname="TestNGPractice.TestNGDay1">
    <failure type="java.lang.AssertionError" message="expected [true] but found [false]">
      <![CDATA[java.lang.AssertionError: expected [true] but found [false]
at TestNGPractice.TestNGDay1.firstTest(TestNGDay1.java:20)
... Removed 29 stack frames]]>
    </failure>
  </testcase> <!-- firstTest -->
  <testcase name="pLoan" time="0.007" classname="TestNGPractice.TestNGDay2"/>
  <testcase name="personalLoan" time="0.004" classname="TestNGPractice.TestNGDay2"/>
  <testcase name="personalgoldLoan" time="0.003" classname="TestNGPractice.TestNGDay2"/>
  <testcase name="apiLoginHomeLoan" time="0.004" classname="TestNGPractice.TestNGDay4"/>
  <testcase name="mobileLoginHomeLoan" time="0.003" classname="TestNGPractice.TestNGDay4"/>
  <testcase name="webLoginHomeLoan" time="0.003" classname="TestNGPractice.TestNGDay4"/>
  <testcase name="seecondTest" time="0.0" classname="TestNGPractice.TestNGDay1">
    <ignored/>
  </testcase> <!-- seecondTest -->
</testsuite> <!-- PersonalLoan -->
