<?xml version="1.0" encoding="UTF-8"?>
<!-- Generated by org.testng.reporters.JUnitXMLReporter -->
<testsuite hostname="mycomputer" ignored="0" name="PersonalLoad" tests="3" failures="0" timestamp="19 Dec 2019 15:18:16 GMT" time="0.135" errors="0">
  <testcase name="firstTest" time="0.031" classname="TestNGPractice.TestNGDay1"/>
  <testcase name="seecondTest" time="0.0" classname="TestNGPractice.TestNGDay1"/>
  <testcase name="pLoan" time="0.0" classname="TestNGPractice.TestNGDay2"/>
</testsuite> <!-- PersonalLoad -->
