<?xml version="1.0" encoding="UTF-8"?>
<!-- Generated by org.testng.reporters.JUnitXMLReporter -->
<testsuite hostname="mycomputer" ignored="3" name="Regression" tests="10" failures="0" timestamp="20 Dec 2019 04:14:03 GMT" time="0.137" errors="0">
  <testcase name="firstTest" time="0.01" classname="TestNGPractice.TestNGDay1"/>
  <testcase name="seecondTest" time="0.005" classname="TestNGPractice.TestNGDay1"/>
  <testcase name="pLoan" time="0.002" classname="TestNGPractice.TestNGDay2"/>
  <testcase name="personalLoan" time="0.007" classname="TestNGPractice.TestNGDay2"/>
  <testcase name="apiLoginCarLoan" time="0.002" classname="TestNGPractice.TestNGDay3"/>
  <testcase name="mobileSignInCarLoan" time="0.007" classname="TestNGPractice.TestNGDay3"/>
  <testcase name="mobileSignOutCarLoan" time="0.004" classname="TestNGPractice.TestNGDay3"/>
  <testcase name="webLoginCarLoan" time="0.003" classname="TestNGPractice.TestNGDay3"/>
  <testcase name="mobileLoginHomeLoan" time="0.003" classname="TestNGPractice.TestNGDay4"/>
  <testcase name="webLoginHomeLoan" time="0.002" classname="TestNGPractice.TestNGDay4"/>
  <testcase name="personalgoldLoan" time="0.0" classname="TestNGPractice.TestNGDay2">
    <ignored/>
  </testcase> <!-- personalgoldLoan -->
  <testcase name="apiLoginHomeLoan" time="0.0" classname="TestNGPractice.TestNGDay4">
    <ignored/>
  </testcase> <!-- apiLoginHomeLoan -->
  <testcase name="mobileLoginCarLoan" time="0.0" classname="TestNGPractice.TestNGDay3">
    <ignored/>
  </testcase> <!-- mobileLoginCarLoan -->
</testsuite> <!-- Regression -->
