<?xml version="1.0" encoding="UTF-8"?>
<testng-results skipped="0" failed="1" ignored="4" total="13" passed="8">
  <reporter-output>
  </reporter-output>
  <suite name="Loan Department" duration-ms="283" started-at="2019-12-20T06:52:38Z" finished-at="2019-12-20T06:52:38Z">
    <groups>
      <group name="Smoke">
        <method signature="TestNGDay2.personalgoldLoan()[pri:0, instance:TestNGPractice.TestNGDay2@62ee68d8]" name="personalgoldLoan" class="TestNGPractice.TestNGDay2"/>
        <method signature="TestNGDay4.apiLoginHomeLoan()[pri:0, instance:TestNGPractice.TestNGDay4@58651fd0]" name="apiLoginHomeLoan" class="TestNGPractice.TestNGDay4"/>
      </group> <!-- Smoke -->
    </groups>
    <test name="PersonalLoan" duration-ms="130" started-at="2019-12-20T06:52:38Z" finished-at="2019-12-20T06:52:38Z">
      <class name="TestNGPractice.TestNGDay4">
        <test-method status="PASS" signature="apiLoginHomeLoan()[pri:0, instance:TestNGPractice.TestNGDay4@58651fd0]" name="apiLoginHomeLoan" duration-ms="4" started-at="2019-12-20T06:52:38Z" finished-at="2019-12-20T06:52:38Z">
          <reporter-output>
          </reporter-output>
        </test-method> <!-- apiLoginHomeLoan -->
        <test-method status="PASS" signature="mobileLoginHomeLoan()[pri:0, instance:TestNGPractice.TestNGDay4@58651fd0]" name="mobileLoginHomeLoan" duration-ms="3" started-at="2019-12-20T06:52:38Z" finished-at="2019-12-20T06:52:38Z">
          <reporter-output>
          </reporter-output>
        </test-method> <!-- mobileLoginHomeLoan -->
        <test-method status="PASS" signature="webLoginHomeLoan()[pri:0, instance:TestNGPractice.TestNGDay4@58651fd0]" name="webLoginHomeLoan" duration-ms="3" started-at="2019-12-20T06:52:38Z" finished-at="2019-12-20T06:52:38Z">
          <reporter-output>
          </reporter-output>
        </test-method> <!-- webLoginHomeLoan -->
      </class> <!-- TestNGPractice.TestNGDay4 -->
      <class name="TestNGPractice.TestNGDay2">
        <test-method status="PASS" signature="beforeExecution()[pri:0, instance:TestNGPractice.TestNGDay2@62ee68d8]" name="beforeExecution" is-config="true" duration-ms="0" started-at="2019-12-20T06:52:38Z" finished-at="2019-12-20T06:52:38Z">
          <reporter-output>
          </reporter-output>
        </test-method> <!-- beforeExecution -->
        <test-method status="PASS" signature="pLoan()[pri:0, instance:TestNGPractice.TestNGDay2@62ee68d8]" name="pLoan" duration-ms="7" started-at="2019-12-20T06:52:38Z" finished-at="2019-12-20T06:52:38Z">
          <reporter-output>
          </reporter-output>
        </test-method> <!-- pLoan -->
        <test-method status="PASS" signature="personalLoan(java.lang.String, java.lang.String)[pri:0, instance:TestNGPractice.TestNGDay2@62ee68d8]" name="personalLoan" duration-ms="4" started-at="2019-12-20T06:52:38Z" finished-at="2019-12-20T06:52:38Z">
          <params>
            <param index="0">
              <value>
                <![CDATA[qaclickAcademy.com]]>
              </value>
            </param>
            <param index="1">
              <value>
                <![CDATA[123243]]>
              </value>
            </param>
          </params>
          <reporter-output>
          </reporter-output>
        </test-method> <!-- personalLoan -->
        <test-method status="PASS" signature="personalgoldLoan()[pri:0, instance:TestNGPractice.TestNGDay2@62ee68d8]" name="personalgoldLoan" duration-ms="3" started-at="2019-12-20T06:52:38Z" finished-at="2019-12-20T06:52:38Z">
          <reporter-output>
          </reporter-output>
        </test-method> <!-- personalgoldLoan -->
      </class> <!-- TestNGPractice.TestNGDay2 -->
      <class name="TestNGPractice.TestNGDay1">
        <test-method status="FAIL" signature="firstTest()[pri:0, instance:TestNGPractice.TestNGDay1@735b5592]" name="firstTest" duration-ms="19" started-at="2019-12-20T06:52:38Z" finished-at="2019-12-20T06:52:38Z">
          <exception class="java.lang.AssertionError">
            <message>
              <![CDATA[expected [true] but found [false]]]>
            </message>
            <full-stacktrace>
              <![CDATA[java.lang.AssertionError: expected [true] but found [false]
at org.testng.Assert.fail(Assert.java:96)
at org.testng.Assert.failNotEquals(Assert.java:776)
at org.testng.Assert.assertTrue(Assert.java:44)
at org.testng.Assert.assertTrue(Assert.java:54)
at TestNGPractice.TestNGDay1.firstTest(TestNGDay1.java:20)
at sun.reflect.NativeMethodAccessorImpl.invoke0(Native Method)
at sun.reflect.NativeMethodAccessorImpl.invoke(Unknown Source)
at sun.reflect.DelegatingMethodAccessorImpl.invoke(Unknown Source)
at java.lang.reflect.Method.invoke(Unknown Source)
at org.testng.internal.MethodInvocationHelper.invokeMethod(MethodInvocationHelper.java:124)
at org.testng.internal.Invoker.invokeMethod(Invoker.java:583)
at org.testng.internal.Invoker.invokeTestMethod(Invoker.java:719)
at org.testng.internal.Invoker.invokeTestMethods(Invoker.java:989)
at org.testng.internal.TestMethodWorker.invokeTestMethods(TestMethodWorker.java:125)
at org.testng.internal.TestMethodWorker.run(TestMethodWorker.java:109)
at org.testng.TestRunner.privateRun(TestRunner.java:648)
at org.testng.TestRunner.run(TestRunner.java:505)
at org.testng.SuiteRunner.runTest(SuiteRunner.java:455)
at org.testng.SuiteRunner.runSequentially(SuiteRunner.java:450)
at org.testng.SuiteRunner.privateRun(SuiteRunner.java:415)
at org.testng.SuiteRunner.run(SuiteRunner.java:364)
at org.testng.SuiteRunnerWorker.runSuite(SuiteRunnerWorker.java:52)
at org.testng.SuiteRunnerWorker.run(SuiteRunnerWorker.java:84)
at org.testng.TestNG.runSuitesSequentially(TestNG.java:1208)
at org.testng.TestNG.runSuitesLocally(TestNG.java:1137)
at org.testng.TestNG.runSuites(TestNG.java:1049)
at org.testng.TestNG.run(TestNG.java:1017)
at org.testng.remote.AbstractRemoteTestNG.run(AbstractRemoteTestNG.java:115)
at org.testng.remote.RemoteTestNG.initAndRun(RemoteTestNG.java:251)
at org.testng.remote.RemoteTestNG.main(RemoteTestNG.java:77)
]]>
            </full-stacktrace>
          </exception> <!-- java.lang.AssertionError -->
          <reporter-output>
          </reporter-output>
        </test-method> <!-- firstTest -->
        <test-method status="PASS" signature="afterExection()[pri:0, instance:TestNGPractice.TestNGDay1@735b5592]" name="afterExection" is-config="true" duration-ms="1" started-at="2019-12-20T06:52:38Z" finished-at="2019-12-20T06:52:38Z">
          <reporter-output>
          </reporter-output>
        </test-method> <!-- afterExection -->
      </class> <!-- TestNGPractice.TestNGDay1 -->
    </test> <!-- PersonalLoan -->
    <test name="CarLoan" duration-ms="21" started-at="2019-12-20T06:52:38Z" finished-at="2019-12-20T06:52:38Z">
      <class name="TestNGPractice.TestNGDay3">
        <test-method status="PASS" signature="beforeSuite()[pri:0, instance:TestNGPractice.TestNGDay3@4501b7af]" name="beforeSuite" is-config="true" duration-ms="24" started-at="2019-12-20T06:52:38Z" finished-at="2019-12-20T06:52:38Z">
          <reporter-output>
          </reporter-output>
        </test-method> <!-- beforeSuite -->
        <test-method status="PASS" signature="apiLoginCarLoan()[pri:0, instance:TestNGPractice.TestNGDay3@4501b7af]" name="apiLoginCarLoan" duration-ms="9" started-at="2019-12-20T06:52:38Z" finished-at="2019-12-20T06:52:38Z">
          <reporter-output>
          </reporter-output>
        </test-method> <!-- apiLoginCarLoan -->
        <test-method status="PASS" signature="webLoginCarLoan()[pri:0, instance:TestNGPractice.TestNGDay3@4501b7af]" name="webLoginCarLoan" duration-ms="3" started-at="2019-12-20T06:52:38Z" finished-at="2019-12-20T06:52:38Z">
          <reporter-output>
          </reporter-output>
        </test-method> <!-- webLoginCarLoan -->
      </class> <!-- TestNGPractice.TestNGDay3 -->
      <class name="TestNGPractice.TestNGDay1">
        <test-method status="PASS" signature="afterSuite()[pri:0, instance:TestNGPractice.TestNGDay1@735b5592]" name="afterSuite" is-config="true" duration-ms="4" started-at="2019-12-20T06:52:38Z" finished-at="2019-12-20T06:52:38Z">
          <reporter-output>
          </reporter-output>
        </test-method> <!-- afterSuite -->
      </class> <!-- TestNGPractice.TestNGDay1 -->
    </test> <!-- CarLoan -->
  </suite> <!-- Loan Department -->
</testng-results>
